Optimizing negativity, params (eta_h, eta_c, g)...
Initial guess: eta_h=2.47e-03, eta_c=2.03e-02, g=0.26
Boundary: eta_h=(1e-05, 0.01), eta_c=(0.001, 0.2), g=(0.001, 0.3)
differential_evolution step 1: f(x)= -0.011130510217838396
differential_evolution step 2: f(x)= -0.01124153869166511
differential_evolution step 3: f(x)= -0.011322501344697256
differential_evolution step 4: f(x)= -0.011322501344697256
differential_evolution step 5: f(x)= -0.0113377183826332
differential_evolution step 6: f(x)= -0.0113377183826332
differential_evolution step 7: f(x)= -0.011350180654924769
differential_evolution step 8: f(x)= -0.01135068210079171
differential_evolution step 9: f(x)= -0.011352015637169477
differential_evolution step 10: f(x)= -0.011352555505444006
Polishing solution with 'L-BFGS-B'
Optimizing time usage: 15.89 s

--- Optimization Successful. ---
Maximum Negativity: 0.011355
Parameters:
  eta_h = 2.93824e-03
  eta_c = 1.34589e-01
      g = 2.02130e-01
Caculating Hessian matrix at optimal point: [0.00293824 0.13458879 0.20212955]...
Hessian Matrix: H = ∂²(-N) / (∂p_i ∂p_j):
[[ 1.80282903e+03 -8.68217823e+00 -2.03702322e+01]
 [-8.68217823e+00  1.32712276e+00 -7.57305876e-01]
 [-2.03702322e+01 -7.57305876e-01  8.00491709e-01]]

Hessian Eigenvalues (Curvature):
[7.16136246e-04 1.85491260e+00 1.80310102e+03]

Hessian Eigenvectors (Direction):
[[ 0.01207306  0.00225608 -0.99992457]
 [ 0.55421558 -0.83235925  0.00481357]
 [ 0.83228561  0.55423189  0.01129948]]

The flat direction (eigenvalue 7.16e-04) is:
  eta_h: 0.012
  eta_c: 0.554
      g: 0.832
